














    
    
    
    
    
	
    

    


 
	
	
	



	



	

	
	

	
	
	







 

  


  


  



  


  


  




  

	



	


   


    

   

   

   


	

	

	

	
	

	
	

	

	

	

	

	

	

	

	

	

	


    



    



	
	
	

	

	

	

	

	

	

	

	

	

    
    
    
    
    
    
    
	    
	        <testsuite name="tests." hostname="127.0.0.1" tests="1" failures="0" errors="0" timestamp="06/03/13 8:42:50 PM" time="0.016"><properties>
[...]
</properties><testcase classname="tests.Beautifier.TestBeautifierService" name="jsonStringToHtml_ValidJsonInput_ReturnsFormattedHTML" time="0.003"></testcase></testsuite>
	      
    
  
    